#
# An unexpected error has been detected by Java Runtime Environment:
#
#  EXCEPTION_ACCESS_VIOLATION (0xc0000005) at pc=0x77f51baa, pid=3128, tid=1120
#
# Java VM: Java HotSpot(TM) Client VM (1.6.0-b105 mixed mode)
# Problematic frame:
# C  [ntdll.dll+0x1baa]
#
# If you would like to submit a bug report, please visit:
#   http://java.sun.com/webapps/bugreport/crash.jsp
#

---------------  T H R E A D  ---------------

Current thread (0x0aa95000):  JavaThread "JDWP Command Reader" daemon [_thread_in_native, id=1120]

siginfo: ExceptionCode=0xc0000005, writing address 0x00000010

Registers:
EAX=0x00000000, EBX=0x00000000, ECX=0x00001d5c, EDX=0x0ad662fc
ESP=0x0afcf9f0, EBP=0x0afcfa64, ESI=0x0ad662ec, EDI=0x00000000
EIP=0x77f51baa, EFLAGS=0x00010246

Top of Stack: (sp=0x0afcf9f0)
0x0afcf9f0:   0ad43770 00000000 00000000 ffb3b4c0
0x0afcfa00:   ffffffff 000ab440 00000000 00000000
0x0afcfa10:   0afcfa88 71a5268f 00001cf4 00001d6c
0x0afcfa20:   00000002 71a523ae 0afcfb14 0afcfb20
0x0afcfa30:   00000001 20b019aa 00001d5c 0afcfa40
0x0afcfa40:   00000000 00000000 00001cf4 00000000
0x0afcfa50:   00000000 0afcfafc 00000001 00000000
0x0afcfa60:   00001d5c 0afcfafc 77f7561d 00d662ec 

Instructions: (pc=0x77f51baa)
0x77f51b9a:   8b 46 10 3b c3 89 45 fc 0f 84 92 6a 00 00 8b 06
0x77f51baa:   ff 40 10 8b 45 fc 83 e0 01 89 45 e8 8b 06 ff 40 


Stack: [0x0af80000,0x0afd0000),  sp=0x0afcf9f0,  free space=318k
Native frames: (J=compiled Java code, j=interpreted, Vv=VM code, C=native code)
C  [ntdll.dll+0x1baa]
C  [ntdll.dll+0x2561d]


---------------  P R O C E S S  ---------------

Java Threads: ( => current thread )
  0x00395800 JavaThread "DestroyJavaVM" [_thread_blocked, id=2548]
  0x0b1bc400 JavaThread "TimerQueue" daemon [_thread_blocked, id=3028]
  0x0b130800 JavaThread "AWT-EventQueue-0" [_thread_blocked, id=2268]
  0x0b109400 JavaThread "AWT-Shutdown" [_thread_blocked, id=2788]
  0x0b101c00 JavaThread "Java2D Disposer" daemon [_thread_blocked, id=2692]
  0x0aaa2c00 JavaThread "Low Memory Detector" daemon [_thread_blocked, id=1044]
  0x0aaa2000 JavaThread "CompilerThread0" daemon [_thread_blocked, id=1744]
=>0x0aa95000 JavaThread "JDWP Command Reader" daemon [_thread_in_native, id=1120]
  0x0aa94000 JavaThread "JDWP Event Helper Thread" daemon [_thread_blocked, id=2432]
  0x0aa91c00 JavaThread "JDWP Transport Listener: dt_socket" daemon [_thread_blocked, id=2280]
  0x0aa87400 JavaThread "Attach Listener" daemon [_thread_blocked, id=2704]
  0x0aa77000 JavaThread "Finalizer" daemon [_thread_blocked, id=340]
  0x0aa72800 JavaThread "Reference Handler" daemon [_thread_blocked, id=388]

Other Threads:
  0x0aa6f800 VMThread [id=3528]

VM state:at safepoint (normal execution)

VM Mutex/Monitor currently owned by a thread:  ([mutex/lock_event])
[0x003951b0/0x00001f20] Threads_lock - owner thread: 0x0aa6f800

Heap
 def new generation   total 960K, used 881K [0x02960000, 0x02a60000, 0x02e40000)
  eden space 896K,  97% used [0x02960000, 0x02a3b788, 0x02a40000)
  from space 64K,   4% used [0x02a40000, 0x02a40c78, 0x02a50000)
  to   space 64K,   0% used [0x02a50000, 0x02a50000, 0x02a60000)
 tenured generation   total 4096K, used 1532K [0x02e40000, 0x03240000, 0x06960000)
   the space 4096K,  37% used [0x02e40000, 0x02fbf3f0, 0x02fbf400, 0x03240000)
 compacting perm gen  total 12288K, used 7278K [0x06960000, 0x07560000, 0x0a960000)
   the space 12288K,  59% used [0x06960000, 0x0707b898, 0x0707ba00, 0x07560000)
No shared spaces configured.

Dynamic libraries:
0x00400000 - 0x00423000 	C:\Program Files\Java\jdk1.6.0\eclipse\jre\bin\javaw.exe
0x77f50000 - 0x77ff7000 	C:\WINDOWS\System32\ntdll.dll
0x77e60000 - 0x77f46000 	C:\WINDOWS\system32\kernel32.dll
0x77dd0000 - 0x77e5d000 	C:\WINDOWS\system32\ADVAPI32.dll
0x78000000 - 0x78086000 	C:\WINDOWS\system32\RPCRT4.dll
0x77d40000 - 0x77dcc000 	C:\WINDOWS\system32\USER32.dll
0x77c70000 - 0x77cb0000 	C:\WINDOWS\system32\GDI32.dll
0x76390000 - 0x763ac000 	C:\WINDOWS\System32\IMM32.DLL
0x629c0000 - 0x629c8000 	C:\WINDOWS\System32\LPK.DLL
0x72fa0000 - 0x72ffa000 	C:\WINDOWS\System32\USP10.dll
0x7c340000 - 0x7c396000 	C:\Program Files\Java\jdk1.6.0\eclipse\jre\bin\msvcr71.dll
0x6d7c0000 - 0x6da07000 	C:\Program Files\Java\jdk1.6.0\eclipse\jre\bin\client\jvm.dll
0x76b40000 - 0x76b6c000 	C:\WINDOWS\System32\WINMM.dll
0x6d310000 - 0x6d318000 	C:\Program Files\Java\jdk1.6.0\eclipse\jre\bin\hpi.dll
0x76bf0000 - 0x76bfb000 	C:\WINDOWS\System32\PSAPI.DLL
0x6d400000 - 0x6d429000 	C:\Program Files\Java\jdk1.6.0\eclipse\jre\bin\jdwp.dll
0x6d6c0000 - 0x6d6c6000 	C:\Program Files\Java\jdk1.6.0\eclipse\jre\bin\npt.dll
0x6d770000 - 0x6d77c000 	C:\Program Files\Java\jdk1.6.0\eclipse\jre\bin\verify.dll
0x6d3b0000 - 0x6d3cf000 	C:\Program Files\Java\jdk1.6.0\eclipse\jre\bin\java.dll
0x6d7b0000 - 0x6d7bf000 	C:\Program Files\Java\jdk1.6.0\eclipse\jre\bin\zip.dll
0x6d280000 - 0x6d287000 	C:\Program Files\Java\jdk1.6.0\eclipse\jre\bin\dt_socket.dll
0x71ab0000 - 0x71ac5000 	C:\WINDOWS\System32\WS2_32.dll
0x77c10000 - 0x77c63000 	C:\WINDOWS\system32\msvcrt.dll
0x71aa0000 - 0x71aa8000 	C:\WINDOWS\System32\WS2HELP.dll
0x71a50000 - 0x71a8b000 	C:\WINDOWS\System32\mswsock.dll
0x76f20000 - 0x76f45000 	C:\WINDOWS\System32\DNSAPI.dll
0x76d60000 - 0x76d77000 	C:\WINDOWS\System32\iphlpapi.dll
0x76fb0000 - 0x76fb7000 	C:\WINDOWS\System32\winrnr.dll
0x76f60000 - 0x76f8c000 	C:\WINDOWS\system32\WLDAP32.dll
0x76fc0000 - 0x76fc5000 	C:\WINDOWS\System32\rasadhlp.dll
0x20b00000 - 0x20b4b000 	C:\WINDOWS\System32\imon.dll
0x771b0000 - 0x772d1000 	C:\WINDOWS\system32\ole32.dll
0x71ad0000 - 0x71ad8000 	C:\WINDOWS\System32\WSOCK32.dll
0x71a90000 - 0x71a98000 	C:\WINDOWS\System32\wshtcpip.dll
0x6d000000 - 0x6d1c3000 	C:\Program Files\Java\jdk1.6.0\eclipse\jre\bin\awt.dll
0x73000000 - 0x73023000 	C:\WINDOWS\System32\WINSPOOL.DRV
0x5ad70000 - 0x5ada4000 	C:\WINDOWS\System32\uxtheme.dll
0x73760000 - 0x737a4000 	C:\WINDOWS\System32\ddraw.dll
0x73bc0000 - 0x73bc6000 	C:\WINDOWS\System32\DCIMAN32.dll
0x6d2b0000 - 0x6d303000 	C:\Program Files\Java\jdk1.6.0\eclipse\jre\bin\fontmanager.dll
0x74720000 - 0x74764000 	C:\WINDOWS\System32\MSCTF.dll
0x0b480000 - 0x0b4ab000 	C:\WINDOWS\System32\msctfime.ime
0x773d0000 - 0x77bc7000 	C:\WINDOWS\system32\shell32.dll
0x70a70000 - 0x70ad4000 	C:\WINDOWS\system32\SHLWAPI.dll
0x71950000 - 0x71a34000 	C:\WINDOWS\WinSxS\x86_Microsoft.Windows.Common-Controls_6595b64144ccf1df_6.0.10.0_x-ww_f7fb5805\comctl32.dll
0x77340000 - 0x773cb000 	C:\WINDOWS\system32\comctl32.dll
0x6d450000 - 0x6d474000 	C:\Program Files\Java\jdk1.6.0\eclipse\jre\bin\jpeg.dll
0x6d570000 - 0x6d583000 	C:\Program Files\Java\jdk1.6.0\eclipse\jre\bin\net.dll
0x6d590000 - 0x6d599000 	C:\Program Files\Java\jdk1.6.0\eclipse\jre\bin\nio.dll
0x746f0000 - 0x74716000 	C:\WINDOWS\System32\Msimtf.dll
0x10000000 - 0x10023000 	C:\Program Files\Babylon\Babylon-Pro\CAPTLIB.DLL
0x77120000 - 0x771ab000 	C:\WINDOWS\system32\OLEAUT32.dll
0x74c80000 - 0x74cac000 	C:\WINDOWS\System32\OLEACC.dll
0x55900000 - 0x55961000 	C:\WINDOWS\System32\MSVCP60.dll

VM Arguments:
jvm_args: -Xdebug -Xnoagent -Xrunjdwp:transport=dt_socket,suspend=y,address=localhost:1406
java_command: minesweeper.MyFrame1
Launcher Type: SUN_STANDARD

Environment Variables:
PATH=C:\WINDOWS\system32;C:\WINDOWS;C:\WINDOWS\System32\Wbem
USERNAME=mrs
OS=Windows_NT
PROCESSOR_IDENTIFIER=x86 Family 15 Model 4 Stepping 3, GenuineIntel



---------------  S Y S T E M  ---------------

OS: Windows XP Build 2600 Service Pack 1

CPU:total 2 family 15, cmov, cx8, fxsr, mmx, sse, sse2, ht

Memory: 4k page, physical 456640k(94860k free), swap 1082856k(741636k free)

vm_info: Java HotSpot(TM) Client VM (1.6.0-b105) for windows-x86, built on Nov 29 2006 00:48:48 by "java_re" with unknown MS VC++:1310

